35335,2019,Oct,18,Fri Oct 18 2019 01:47:04 GMT-0700 (PDT),Fri,4076032,35335
34902,2020,Jun,24,Wed Jun 24 2020 00:35:37 GMT-0700 (PDT),Wed,4076477,34902
34882,2019,Aug,21,Wed Aug 21 2019 01:04:43 GMT-0700 (PDT),Wed,4076497,34882
34791,2020,Apr,27,Mon Apr 27 2020 16:10:17 GMT-0700 (PDT),Mon,4076594,34791
34098,2019,Nov,25,Mon Nov 25 2019 18:02:17 GMT-0800 (PST),Mon,4077305,34098
33000,2020,Jul,15,Wed Jul 15 2020 17:57:09 GMT-0700 (PDT),Wed,4078433,33000
35485,2019,Nov,04,Mon Nov 04 2019 02:46:27 GMT-0800 (PST),Mon,4075882,35485
35094,2019,Dec,25,Wed Dec 25 2019 11:37:45 GMT-0800 (PST),Wed,4076279,35094
35045,2020,Mar,27,Fri Mar 27 2020 11:39:32 GMT-0700 (PDT),Fri,4076334,35045
32041,2020,Jun,14,Sun Jun 14 2020 16:35:21 GMT-0700 (PDT),Sun,4079416,32041
35484,2019,Aug,30,Fri Aug 30 2019 11:04:30 GMT-0700 (PDT),Fri,4075883,35484
35353,2020,Apr,14,Tue Apr 14 2020 12:12:47 GMT-0700 (PDT),Tue,4076014,35353
35232,2020,Jul,01,Wed Jul 01 2020 09:50:50 GMT-0700 (PDT),Wed,4076141,35232
34282,2020,May,11,Mon May 11 2020 20:21:54 GMT-0700 (PDT),Mon,4077115,34282
34144,2020,Jun,11,Thu Jun 11 2020 12:34:38 GMT-0700 (PDT),Thu,4077259,34144
33922,2020,May,03,Sun May 03 2020 03:25:25 GMT-0700 (PDT),Sun,4077487,33922
33919,2020,Jan,05,Sun Jan 05 2020 13:36:27 GMT-0800 (PST),Sun,4077490,33919
33571,2019,Sep,18,Wed Sep 18 2019 13:22:32 GMT-0700 (PDT),Wed,4077844,33571
33441,2019,Dec,01,Sun Dec 01 2019 16:18:01 GMT-0800 (PST),Sun,4077980,33441
32843,2020,Jul,25,Sat Jul 25 2020 20:32:35 GMT-0700 (PDT),Sat,4078596,32843
